<?xml version="1.0" encoding="UTF-8"?>
<!-- Generated by org.testng.reporters.JUnitReportReporter -->
<testsuite hostname="DESKTOP-UMFSCEV" failures="0" tests="1" name="com.testvagrant.test.BeforeTests" time="0.000"
           errors="0" timestamp="2021-05-10T13:57:12 IST" skipped="0">
    <testcase classname="com.testvagrant.test.BeforeTests" name="tets" time="0.000"/>
</testsuite> <!-- com.testvagrant.test.BeforeTests -->
