<?xml version="1.0" encoding="UTF-8"?>
<!-- Generated by org.testng.reporters.JUnitReportReporter -->
<testsuite hostname="DESKTOP-UMFSCEV" failures="0" tests="1" name="com.testvagrant.test.WeatherPageTest" time="31.722" errors="0" timestamp="2021-05-11T23:06:32 IST" skipped="0">
  <testcase classname="com.testvagrant.test.WeatherPageTest" name="verifyWeatherDetailsPopup" time="31.722"/>
</testsuite> <!-- com.testvagrant.test.WeatherPageTest -->
